<?xml version="1.0" encoding="UTF-8"?>
<!-- Generated by org.testng.reporters.JUnitXMLReporter -->
<testsuite hostname="LAPTOP-IQLCMPV6" ignored="0" name="API Tests" tests="3" failures="0" timestamp="2021-12-02T02:50:36 IST" time="5.858" errors="0">
  <testcase name="Get_request" time="1.996" classname="Sanity_tests.Grafana_API"/>
  <testcase name="POST_request" time="0.084" classname="Sanity_tests.Grafana_API"/>
  <testcase name="PUT_request" time="0.147" classname="Sanity_tests.Grafana_API"/>
</testsuite> <!-- API Tests -->
