<?xml version="1.0" encoding="UTF-8"?>
<!-- Generated by org.testng.reporters.JUnitXMLReporter -->
<testsuite hostname="LAPTOP-IQLCMPV6" ignored="0" name="Mobile Tests" tests="3" failures="0" timestamp="2021-12-02T03:07:51 IST" time="38.818" errors="0">
  <testcase name="Calculate_Values" time="7.717" classname="Sanity_tests.ukMortgageCalc_mobile"/>
  <testcase name="verifyValues" time="0.832" classname="Sanity_tests.ukMortgageCalc_mobile"/>
  <testcase name="Delete_ASSIGMENT" time="4.155" classname="Sanity_tests.ukMortgageCalc_mobile"/>
</testsuite> <!-- Mobile Tests -->
