<?xml version="1.0" encoding="UTF-8"?>
<!-- Generated by org.testng.reporters.JUnitXMLReporter -->
<testsuite hostname="LAPTOP-IQLCMPV6" ignored="0" name="Web Tests" tests="5" failures="0" timestamp="2021-12-02T11:02:05 IST" time="35.046" errors="0">
  <testcase name="login" time="3.531" classname="Sanity_tests.Grafana_web"/>
  <testcase name="verify_plugin_searching_result" time="13.037" classname="Sanity_tests.Grafana_web"/>
  <testcase name="verify_users_details" time="1.271" classname="Sanity_tests.Grafana_web"/>
  <testcase name="change_to_light_background_color" time="2.012" classname="Sanity_tests.Grafana_web"/>
  <testcase name="test_logout" time="3.336" classname="Sanity_tests.Grafana_web"/>
</testsuite> <!-- Web Tests -->
