<?xml version="1.0" encoding="UTF-8"?>
<!-- Generated by org.testng.reporters.JUnitXMLReporter -->
<testsuite hostname="LAPTOP-IQLCMPV6" ignored="0" name="Web Tests" tests="5" failures="0" timestamp="2021-12-02T02:50:20 IST" time="32.135" errors="0">
  <testcase name="login" time="3.601" classname="Sanity_tests.Grafana_web"/>
  <testcase name="verify_plugin_searching_result" time="12.749" classname="Sanity_tests.Grafana_web"/>
  <testcase name="verify_users_details" time="1.205" classname="Sanity_tests.Grafana_web"/>
  <testcase name="change_to_light_background_color" time="1.593" classname="Sanity_tests.Grafana_web"/>
  <testcase name="test_logout" time="2.089" classname="Sanity_tests.Grafana_web"/>
</testsuite> <!-- Web Tests -->
