<?xml version="1.0" encoding="UTF-8"?>
<testsuite xmlns:xsi="http://www.w3.org/2001/XMLSchema-instance" xsi:noNamespaceSchemaLocation="https://maven.apache.org/surefire/maven-surefire-plugin/xsd/surefire-test-report.xsd" name="TestSuite" time="3.102" tests="17" errors="0" skipped="16" failures="1">
  <properties>
[...]
</properties>
  <testcase name="startSession" classname="Sanity_tests.Calculator_desktop" time="2.714">
    <failure message="Unable to create a new remote session. Please check the server log for more details. Original error: Unable to parse remote response: &lt;html&gt;&#10;&lt;head&gt;&#10;   &lt;title&gt;Status page&lt;/title&gt;&#10;&lt;/head&gt;&#10;&lt;body style=&quot;font-family: sans-serif;&quot;&gt;&#10;&lt;p style=&quot;font-size: 1.2em;font-weight: bold;margin: 1em 0px;&quot;&gt;Not Found&lt;/p&gt;&#10;&lt;p&gt;The server has not found anything matching the request URI&lt;/p&gt;&#10;&lt;p&gt;You can get technical details &lt;a href=&quot;http://www.w3.org/Protocols/rfc2616/rfc2616-sec10.html#sec10.4.5&quot;&gt;here&lt;/a&gt;.&lt;br&gt;&#10;Please continue your visit at our &lt;a href=&quot;/&quot;&gt;home page&lt;/a&gt;.&#10;&lt;/p&gt;&#10;&lt;/body&gt;&#10;&lt;/html&gt;&#10;&#10;Build info: version: &apos;3.141.59&apos;, revision: &apos;e82be7d358&apos;, time: &apos;2018-11-14T08:17:03&apos;&#10;System info: host: &apos;LAPTOP-IQLCMPV6&apos;, ip: &apos;192.168.56.1&apos;, os.name: &apos;Windows 10&apos;, os.arch: &apos;amd64&apos;, os.version: &apos;10.0&apos;, java.version: &apos;1.8.0_291&apos;&#10;Driver info: driver.version: WindowsDriver" type="org.openqa.selenium.SessionNotCreatedException"><![CDATA[org.openqa.selenium.SessionNotCreatedException: 
Unable to create a new remote session. Please check the server log for more details. Original error: Unable to parse remote response: <html>
<head>
   <title>Status page</title>
</head>
<body style="font-family: sans-serif;">
<p style="font-size: 1.2em;font-weight: bold;margin: 1em 0px;">Not Found</p>
<p>The server has not found anything matching the request URI</p>
<p>You can get technical details <a href="http://www.w3.org/Protocols/rfc2616/rfc2616-sec10.html#sec10.4.5">here</a>.<br>
Please continue your visit at our <a href="/">home page</a>.
</p>
</body>
</html>

Build info: version: '3.141.59', revision: 'e82be7d358', time: '2018-11-14T08:17:03'
System info: host: 'LAPTOP-IQLCMPV6', ip: '192.168.56.1', os.name: 'Windows 10', os.arch: 'amd64', os.version: '10.0', java.version: '1.8.0_291'
Driver info: driver.version: WindowsDriver
Caused by: java.lang.reflect.InvocationTargetException
Caused by: org.openqa.selenium.WebDriverException: 
Unable to parse remote response: <html>
<head>
   <title>Status page</title>
</head>
<body style="font-family: sans-serif;">
<p style="font-size: 1.2em;font-weight: bold;margin: 1em 0px;">Not Found</p>
<p>The server has not found anything matching the request URI</p>
<p>You can get technical details <a href="http://www.w3.org/Protocols/rfc2616/rfc2616-sec10.html#sec10.4.5">here</a>.<br>
Please continue your visit at our <a href="/">home page</a>.
</p>
</body>
</html>

Caused by: org.openqa.selenium.json.JsonException: 
Unable to determine type from: <. Last 1 characters read: <
Build info: version: '3.141.59', revision: 'e82be7d358', time: '2018-11-14T08:17:03'
System info: host: 'LAPTOP-IQLCMPV6', ip: '192.168.56.1', os.name: 'Windows 10', os.arch: 'amd64', os.version: '10.0', java.version: '1.8.0_291'
Driver info: driver.version: WindowsDriver
]]></failure>
  </testcase>
  <testcase name="beforeMethod" classname="Sanity_tests.Calculator_desktop" time="0">
    <skipped/>
  </testcase>
  <testcase name="beforeMethod" classname="Sanity_tests.Calculator_desktop" time="0">
    <skipped/>
  </testcase>
  <testcase name="beforeMethod" classname="Sanity_tests.Calculator_desktop" time="0">
    <skipped/>
  </testcase>
  <testcase name="beforeMethod" classname="Sanity_tests.Calculator_desktop" time="0">
    <skipped/>
  </testcase>
  <testcase name="beforeMethod" classname="Sanity_tests.Calculator_desktop" time="0">
    <skipped/>
  </testcase>
  <testcase name="Addition" classname="Sanity_tests.Calculator_desktop" time="0">
    <skipped message="Unable to create a new remote session. Please check the server log for more details. Original error: Unable to parse remote response: &lt;html&gt;&#10;&lt;head&gt;&#10;   &lt;title&gt;Status page&lt;/title&gt;&#10;&lt;/head&gt;&#10;&lt;body style=&quot;font-family: sans-serif;&quot;&gt;&#10;&lt;p style=&quot;font-size: 1.2em;font-weight: bold;margin: 1em 0px;&quot;&gt;Not Found&lt;/p&gt;&#10;&lt;p&gt;The server has not found anything matching the request URI&lt;/p&gt;&#10;&lt;p&gt;You can get technical details &lt;a href=&quot;http://www.w3.org/Protocols/rfc2616/rfc2616-sec10.html#sec10.4.5&quot;&gt;here&lt;/a&gt;.&lt;br&gt;&#10;Please continue your visit at our &lt;a href=&quot;/&quot;&gt;home page&lt;/a&gt;.&#10;&lt;/p&gt;&#10;&lt;/body&gt;&#10;&lt;/html&gt;&#10;&#10;Build info: version: &apos;3.141.59&apos;, revision: &apos;e82be7d358&apos;, time: &apos;2018-11-14T08:17:03&apos;&#10;System info: host: &apos;LAPTOP-IQLCMPV6&apos;, ip: &apos;192.168.56.1&apos;, os.name: &apos;Windows 10&apos;, os.arch: &apos;amd64&apos;, os.version: &apos;10.0&apos;, java.version: &apos;1.8.0_291&apos;&#10;Driver info: driver.version: WindowsDriver"/>
  </testcase>
  <testcase name="afterMethod" classname="Sanity_tests.Calculator_desktop" time="0">
    <skipped/>
  </testcase>
  <testcase name="afterMethod" classname="Sanity_tests.Calculator_desktop" time="0">
    <skipped/>
  </testcase>
  <testcase name="afterMethod" classname="Sanity_tests.Calculator_desktop" time="0">
    <skipped/>
  </testcase>
  <testcase name="afterMethod" classname="Sanity_tests.Calculator_desktop" time="0">
    <skipped/>
  </testcase>
  <testcase name="afterMethod" classname="Sanity_tests.Calculator_desktop" time="0">
    <skipped/>
  </testcase>
  <testcase name="Combination" classname="Sanity_tests.Calculator_desktop" time="0">
    <skipped message="Unable to create a new remote session. Please check the server log for more details. Original error: Unable to parse remote response: &lt;html&gt;&#10;&lt;head&gt;&#10;   &lt;title&gt;Status page&lt;/title&gt;&#10;&lt;/head&gt;&#10;&lt;body style=&quot;font-family: sans-serif;&quot;&gt;&#10;&lt;p style=&quot;font-size: 1.2em;font-weight: bold;margin: 1em 0px;&quot;&gt;Not Found&lt;/p&gt;&#10;&lt;p&gt;The server has not found anything matching the request URI&lt;/p&gt;&#10;&lt;p&gt;You can get technical details &lt;a href=&quot;http://www.w3.org/Protocols/rfc2616/rfc2616-sec10.html#sec10.4.5&quot;&gt;here&lt;/a&gt;.&lt;br&gt;&#10;Please continue your visit at our &lt;a href=&quot;/&quot;&gt;home page&lt;/a&gt;.&#10;&lt;/p&gt;&#10;&lt;/body&gt;&#10;&lt;/html&gt;&#10;&#10;Build info: version: &apos;3.141.59&apos;, revision: &apos;e82be7d358&apos;, time: &apos;2018-11-14T08:17:03&apos;&#10;System info: host: &apos;LAPTOP-IQLCMPV6&apos;, ip: &apos;192.168.56.1&apos;, os.name: &apos;Windows 10&apos;, os.arch: &apos;amd64&apos;, os.version: &apos;10.0&apos;, java.version: &apos;1.8.0_291&apos;&#10;Driver info: driver.version: WindowsDriver"/>
  </testcase>
  <testcase name="Division" classname="Sanity_tests.Calculator_desktop" time="0">
    <skipped message="Unable to create a new remote session. Please check the server log for more details. Original error: Unable to parse remote response: &lt;html&gt;&#10;&lt;head&gt;&#10;   &lt;title&gt;Status page&lt;/title&gt;&#10;&lt;/head&gt;&#10;&lt;body style=&quot;font-family: sans-serif;&quot;&gt;&#10;&lt;p style=&quot;font-size: 1.2em;font-weight: bold;margin: 1em 0px;&quot;&gt;Not Found&lt;/p&gt;&#10;&lt;p&gt;The server has not found anything matching the request URI&lt;/p&gt;&#10;&lt;p&gt;You can get technical details &lt;a href=&quot;http://www.w3.org/Protocols/rfc2616/rfc2616-sec10.html#sec10.4.5&quot;&gt;here&lt;/a&gt;.&lt;br&gt;&#10;Please continue your visit at our &lt;a href=&quot;/&quot;&gt;home page&lt;/a&gt;.&#10;&lt;/p&gt;&#10;&lt;/body&gt;&#10;&lt;/html&gt;&#10;&#10;Build info: version: &apos;3.141.59&apos;, revision: &apos;e82be7d358&apos;, time: &apos;2018-11-14T08:17:03&apos;&#10;System info: host: &apos;LAPTOP-IQLCMPV6&apos;, ip: &apos;192.168.56.1&apos;, os.name: &apos;Windows 10&apos;, os.arch: &apos;amd64&apos;, os.version: &apos;10.0&apos;, java.version: &apos;1.8.0_291&apos;&#10;Driver info: driver.version: WindowsDriver"/>
  </testcase>
  <testcase name="Multiplication" classname="Sanity_tests.Calculator_desktop" time="0">
    <skipped message="Unable to create a new remote session. Please check the server log for more details. Original error: Unable to parse remote response: &lt;html&gt;&#10;&lt;head&gt;&#10;   &lt;title&gt;Status page&lt;/title&gt;&#10;&lt;/head&gt;&#10;&lt;body style=&quot;font-family: sans-serif;&quot;&gt;&#10;&lt;p style=&quot;font-size: 1.2em;font-weight: bold;margin: 1em 0px;&quot;&gt;Not Found&lt;/p&gt;&#10;&lt;p&gt;The server has not found anything matching the request URI&lt;/p&gt;&#10;&lt;p&gt;You can get technical details &lt;a href=&quot;http://www.w3.org/Protocols/rfc2616/rfc2616-sec10.html#sec10.4.5&quot;&gt;here&lt;/a&gt;.&lt;br&gt;&#10;Please continue your visit at our &lt;a href=&quot;/&quot;&gt;home page&lt;/a&gt;.&#10;&lt;/p&gt;&#10;&lt;/body&gt;&#10;&lt;/html&gt;&#10;&#10;Build info: version: &apos;3.141.59&apos;, revision: &apos;e82be7d358&apos;, time: &apos;2018-11-14T08:17:03&apos;&#10;System info: host: &apos;LAPTOP-IQLCMPV6&apos;, ip: &apos;192.168.56.1&apos;, os.name: &apos;Windows 10&apos;, os.arch: &apos;amd64&apos;, os.version: &apos;10.0&apos;, java.version: &apos;1.8.0_291&apos;&#10;Driver info: driver.version: WindowsDriver"/>
  </testcase>
  <testcase name="Subtraction" classname="Sanity_tests.Calculator_desktop" time="0">
    <skipped message="Unable to create a new remote session. Please check the server log for more details. Original error: Unable to parse remote response: &lt;html&gt;&#10;&lt;head&gt;&#10;   &lt;title&gt;Status page&lt;/title&gt;&#10;&lt;/head&gt;&#10;&lt;body style=&quot;font-family: sans-serif;&quot;&gt;&#10;&lt;p style=&quot;font-size: 1.2em;font-weight: bold;margin: 1em 0px;&quot;&gt;Not Found&lt;/p&gt;&#10;&lt;p&gt;The server has not found anything matching the request URI&lt;/p&gt;&#10;&lt;p&gt;You can get technical details &lt;a href=&quot;http://www.w3.org/Protocols/rfc2616/rfc2616-sec10.html#sec10.4.5&quot;&gt;here&lt;/a&gt;.&lt;br&gt;&#10;Please continue your visit at our &lt;a href=&quot;/&quot;&gt;home page&lt;/a&gt;.&#10;&lt;/p&gt;&#10;&lt;/body&gt;&#10;&lt;/html&gt;&#10;&#10;Build info: version: &apos;3.141.59&apos;, revision: &apos;e82be7d358&apos;, time: &apos;2018-11-14T08:17:03&apos;&#10;System info: host: &apos;LAPTOP-IQLCMPV6&apos;, ip: &apos;192.168.56.1&apos;, os.name: &apos;Windows 10&apos;, os.arch: &apos;amd64&apos;, os.version: &apos;10.0&apos;, java.version: &apos;1.8.0_291&apos;&#10;Driver info: driver.version: WindowsDriver"/>
  </testcase>
  <testcase name="closeSession" classname="Sanity_tests.Calculator_desktop" time="0">
    <skipped/>
  </testcase>
</testsuite>