<?xml version="1.0" encoding="UTF-8"?>
<testsuite xmlns:xsi="http://www.w3.org/2001/XMLSchema-instance" xsi:noNamespaceSchemaLocation="https://maven.apache.org/surefire/maven-surefire-plugin/xsd/surefire-test-report.xsd" name="TestSuite" time="39.948" tests="3" errors="0" skipped="0" failures="0">
  <properties>
[...]
</properties>
  <testcase name="Calculate_Values" classname="Sanity_tests.ukMortgageCalc_mobile" time="7.719"/>
  <testcase name="verifyValues" classname="Sanity_tests.ukMortgageCalc_mobile" time="0.832"/>
  <testcase name="Delete_ASSIGMENT" classname="Sanity_tests.ukMortgageCalc_mobile" time="4.154"/>
</testsuite>